[28-Feb-2016 06:50:05 UTC] PHP Fatal error:  Function name must be a string in /home/ubuntu/workspace/labs/lab3/silverjack/index.php on line 80
[28-Feb-2016 06:50:05 UTC] PHP Stack trace:
[28-Feb-2016 06:50:05 UTC] PHP   1. {main}() /home/ubuntu/workspace/labs/lab3/silverjack/index.php:0
[28-Feb-2016 06:50:05 UTC] PHP   2. displayHand() /home/ubuntu/workspace/labs/lab3/silverjack/index.php:230
[28-Feb-2016 06:52:09 UTC] PHP Fatal error:  Function name must be a string in /home/ubuntu/workspace/labs/lab3/silverjack/index.php on line 80
[28-Feb-2016 06:52:09 UTC] PHP Stack trace:
[28-Feb-2016 06:52:09 UTC] PHP   1. {main}() /home/ubuntu/workspace/labs/lab3/silverjack/index.php:0
[28-Feb-2016 06:52:09 UTC] PHP   2. displayHand() /home/ubuntu/workspace/labs/lab3/silverjack/index.php:230
[28-Feb-2016 06:52:17 UTC] PHP Fatal error:  Function name must be a string in /home/ubuntu/workspace/labs/lab3/silverjack/index.php on line 80
[28-Feb-2016 06:52:17 UTC] PHP Stack trace:
[28-Feb-2016 06:52:17 UTC] PHP   1. {main}() /home/ubuntu/workspace/labs/lab3/silverjack/index.php:0
[28-Feb-2016 06:52:17 UTC] PHP   2. displayHand() /home/ubuntu/workspace/labs/lab3/silverjack/index.php:230
[28-Feb-2016 06:58:03 UTC] PHP Fatal error:  Function name must be a string in /home/ubuntu/workspace/labs/lab3/silverjack/index.php on line 102
[28-Feb-2016 06:58:03 UTC] PHP Stack trace:
[28-Feb-2016 06:58:03 UTC] PHP   1. {main}() /home/ubuntu/workspace/labs/lab3/silverjack/index.php:0
[28-Feb-2016 06:58:03 UTC] PHP   2. displayHand() /home/ubuntu/workspace/labs/lab3/silverjack/index.php:231
[28-Feb-2016 06:59:18 UTC] PHP Warning:  array_pop() expects parameter 1 to be array, null given in /home/ubuntu/workspace/labs/lab3/silverjack/index.php on line 102
[28-Feb-2016 06:59:18 UTC] PHP Stack trace:
[28-Feb-2016 06:59:18 UTC] PHP   1. {main}() /home/ubuntu/workspace/labs/lab3/silverjack/index.php:0
[28-Feb-2016 06:59:18 UTC] PHP   2. displayHand() /home/ubuntu/workspace/labs/lab3/silverjack/index.php:231
[28-Feb-2016 06:59:18 UTC] PHP   3. array_pop(*uninitialized*) /home/ubuntu/workspace/labs/lab3/silverjack/index.php:102
[28-Feb-2016 06:59:18 UTC] PHP Fatal error:  Function name must be a string in /home/ubuntu/workspace/labs/lab3/silverjack/index.php on line 122
[28-Feb-2016 06:59:18 UTC] PHP Stack trace:
[28-Feb-2016 06:59:18 UTC] PHP   1. {main}() /home/ubuntu/workspace/labs/lab3/silverjack/index.php:0
[28-Feb-2016 06:59:18 UTC] PHP   2. displayHand() /home/ubuntu/workspace/labs/lab3/silverjack/index.php:231
[28-Feb-2016 07:01:30 UTC] PHP Fatal error:  Function name must be a string in /home/ubuntu/workspace/labs/lab3/silverjack/index.php on line 122
[28-Feb-2016 07:01:30 UTC] PHP Stack trace:
[28-Feb-2016 07:01:30 UTC] PHP   1. {main}() /home/ubuntu/workspace/labs/lab3/silverjack/index.php:0
[28-Feb-2016 07:01:30 UTC] PHP   2. displayHand() /home/ubuntu/workspace/labs/lab3/silverjack/index.php:231
[28-Feb-2016 07:03:28 UTC] PHP Fatal error:  Function name must be a string in /home/ubuntu/workspace/labs/lab3/silverjack/index.php on line 122
[28-Feb-2016 07:03:28 UTC] PHP Stack trace:
[28-Feb-2016 07:03:28 UTC] PHP   1. {main}() /home/ubuntu/workspace/labs/lab3/silverjack/index.php:0
[28-Feb-2016 07:03:28 UTC] PHP   2. displayHand() /home/ubuntu/workspace/labs/lab3/silverjack/index.php:231
[28-Feb-2016 07:03:30 UTC] PHP Fatal error:  Function name must be a string in /home/ubuntu/workspace/labs/lab3/silverjack/index.php on line 122
[28-Feb-2016 07:03:30 UTC] PHP Stack trace:
[28-Feb-2016 07:03:30 UTC] PHP   1. {main}() /home/ubuntu/workspace/labs/lab3/silverjack/index.php:0
[28-Feb-2016 07:03:30 UTC] PHP   2. displayHand() /home/ubuntu/workspace/labs/lab3/silverjack/index.php:231
[28-Feb-2016 07:03:58 UTC] PHP Fatal error:  Function name must be a string in /home/ubuntu/workspace/labs/lab3/silverjack/index.php on line 122
[28-Feb-2016 07:03:58 UTC] PHP Stack trace:
[28-Feb-2016 07:03:58 UTC] PHP   1. {main}() /home/ubuntu/workspace/labs/lab3/silverjack/index.php:0
[28-Feb-2016 07:03:58 UTC] PHP   2. displayHand() /home/ubuntu/workspace/labs/lab3/silverjack/index.php:231
[28-Feb-2016 07:04:00 UTC] PHP Fatal error:  Function name must be a string in /home/ubuntu/workspace/labs/lab3/silverjack/index.php on line 122
[28-Feb-2016 07:04:00 UTC] PHP Stack trace:
[28-Feb-2016 07:04:00 UTC] PHP   1. {main}() /home/ubuntu/workspace/labs/lab3/silverjack/index.php:0
[28-Feb-2016 07:04:00 UTC] PHP   2. displayHand() /home/ubuntu/workspace/labs/lab3/silverjack/index.php:231
[28-Feb-2016 07:04:56 UTC] PHP Fatal error:  Function name must be a string in /home/ubuntu/workspace/labs/lab3/silverjack/index.php on line 122
[28-Feb-2016 07:04:56 UTC] PHP Stack trace:
[28-Feb-2016 07:04:56 UTC] PHP   1. {main}() /home/ubuntu/workspace/labs/lab3/silverjack/index.php:0
[28-Feb-2016 07:04:56 UTC] PHP   2. displayHand() /home/ubuntu/workspace/labs/lab3/silverjack/index.php:231
[28-Feb-2016 07:13:08 UTC] PHP Fatal error:  Function name must be a string in /home/ubuntu/workspace/labs/lab3/silverjack/index.php on line 80
[28-Feb-2016 07:13:08 UTC] PHP Stack trace:
[28-Feb-2016 07:13:08 UTC] PHP   1. {main}() /home/ubuntu/workspace/labs/lab3/silverjack/index.php:0
[28-Feb-2016 07:13:08 UTC] PHP   2. displayHand() /home/ubuntu/workspace/labs/lab3/silverjack/index.php:230
