[19-Feb-2016 06:41:46 UTC] PHP Parse error:  syntax error, unexpected '<' in /home/ubuntu/workspace/assignments/assignment2/tictactoe.php on line 9
[23-Feb-2016 23:07:23 UTC] PHP Fatal error:  Call to undefined function createTable() in /home/ubuntu/workspace/assignments/assignment2/main.php on line 47
[23-Feb-2016 23:07:23 UTC] PHP Stack trace:
[23-Feb-2016 23:07:23 UTC] PHP   1. {main}() /home/ubuntu/workspace/assignments/assignment2/main.php:0
[23-Feb-2016 23:24:40 UTC] PHP Warning:  array_rand() expects parameter 1 to be array, null given in /home/ubuntu/workspace/assignments/assignment2/main.php on line 18
[23-Feb-2016 23:24:40 UTC] PHP Stack trace:
[23-Feb-2016 23:24:40 UTC] PHP   1. {main}() /home/ubuntu/workspace/assignments/assignment2/main.php:0
[23-Feb-2016 23:24:40 UTC] PHP   2. createTable($color = *uninitialized*) /home/ubuntu/workspace/assignments/assignment2/main.php:46
[23-Feb-2016 23:24:40 UTC] PHP   3. array_rand(*uninitialized*) /home/ubuntu/workspace/assignments/assignment2/main.php:18
[23-Feb-2016 23:24:40 UTC] PHP Warning:  array_rand() expects parameter 1 to be array, null given in /home/ubuntu/workspace/assignments/assignment2/main.php on line 18
[23-Feb-2016 23:24:40 UTC] PHP Stack trace:
[23-Feb-2016 23:24:40 UTC] PHP   1. {main}() /home/ubuntu/workspace/assignments/assignment2/main.php:0
[23-Feb-2016 23:24:40 UTC] PHP   2. createTable($color = *uninitialized*) /home/ubuntu/workspace/assignments/assignment2/main.php:46
[23-Feb-2016 23:24:40 UTC] PHP   3. array_rand(*uninitialized*) /home/ubuntu/workspace/assignments/assignment2/main.php:18
[23-Feb-2016 23:24:40 UTC] PHP Warning:  array_rand() expects parameter 1 to be array, null given in /home/ubuntu/workspace/assignments/assignment2/main.php on line 18
[23-Feb-2016 23:24:40 UTC] PHP Stack trace:
[23-Feb-2016 23:24:40 UTC] PHP   1. {main}() /home/ubuntu/workspace/assignments/assignment2/main.php:0
[23-Feb-2016 23:24:40 UTC] PHP   2. createTable($color = *uninitialized*) /home/ubuntu/workspace/assignments/assignment2/main.php:46
[23-Feb-2016 23:24:40 UTC] PHP   3. array_rand(*uninitialized*) /home/ubuntu/workspace/assignments/assignment2/main.php:18
[23-Feb-2016 23:24:40 UTC] PHP Warning:  array_rand() expects parameter 1 to be array, null given in /home/ubuntu/workspace/assignments/assignment2/main.php on line 18
[23-Feb-2016 23:24:40 UTC] PHP Stack trace:
[23-Feb-2016 23:24:40 UTC] PHP   1. {main}() /home/ubuntu/workspace/assignments/assignment2/main.php:0
[23-Feb-2016 23:24:40 UTC] PHP   2. createTable($color = *uninitialized*) /home/ubuntu/workspace/assignments/assignment2/main.php:46
[23-Feb-2016 23:24:40 UTC] PHP   3. array_rand(*uninitialized*) /home/ubuntu/workspace/assignments/assignment2/main.php:18
[23-Feb-2016 23:24:40 UTC] PHP Warning:  array_rand() expects parameter 1 to be array, null given in /home/ubuntu/workspace/assignments/assignment2/main.php on line 18
[23-Feb-2016 23:24:40 UTC] PHP Stack trace:
[23-Feb-2016 23:24:40 UTC] PHP   1. {main}() /home/ubuntu/workspace/assignments/assignment2/main.php:0
[23-Feb-2016 23:24:40 UTC] PHP   2. createTable($color = *uninitialized*) /home/ubuntu/workspace/assignments/assignment2/main.php:46
[23-Feb-2016 23:24:40 UTC] PHP   3. array_rand(*uninitialized*) /home/ubuntu/workspace/assignments/assignment2/main.php:18
[23-Feb-2016 23:24:40 UTC] PHP Warning:  array_rand() expects parameter 1 to be array, null given in /home/ubuntu/workspace/assignments/assignment2/main.php on line 18
[23-Feb-2016 23:24:40 UTC] PHP Stack trace:
[23-Feb-2016 23:24:40 UTC] PHP   1. {main}() /home/ubuntu/workspace/assignments/assignment2/main.php:0
[23-Feb-2016 23:24:40 UTC] PHP   2. createTable($color = *uninitialized*) /home/ubuntu/workspace/assignments/assignment2/main.php:46
[23-Feb-2016 23:24:40 UTC] PHP   3. array_rand(*uninitialized*) /home/ubuntu/workspace/assignments/assignment2/main.php:18
[23-Feb-2016 23:24:40 UTC] PHP Warning:  array_rand() expects parameter 1 to be array, null given in /home/ubuntu/workspace/assignments/assignment2/main.php on line 18
[23-Feb-2016 23:24:40 UTC] PHP Stack trace:
[23-Feb-2016 23:24:40 UTC] PHP   1. {main}() /home/ubuntu/workspace/assignments/assignment2/main.php:0
[23-Feb-2016 23:24:40 UTC] PHP   2. createTable($color = *uninitialized*) /home/ubuntu/workspace/assignments/assignment2/main.php:46
[23-Feb-2016 23:24:40 UTC] PHP   3. array_rand(*uninitialized*) /home/ubuntu/workspace/assignments/assignment2/main.php:18
[23-Feb-2016 23:24:40 UTC] PHP Warning:  array_rand() expects parameter 1 to be array, null given in /home/ubuntu/workspace/assignments/assignment2/main.php on line 18
[23-Feb-2016 23:24:40 UTC] PHP Stack trace:
[23-Feb-2016 23:24:40 UTC] PHP   1. {main}() /home/ubuntu/workspace/assignments/assignment2/main.php:0
[23-Feb-2016 23:24:40 UTC] PHP   2. createTable($color = *uninitialized*) /home/ubuntu/workspace/assignments/assignment2/main.php:46
[23-Feb-2016 23:24:40 UTC] PHP   3. array_rand(*uninitialized*) /home/ubuntu/workspace/assignments/assignment2/main.php:18
[23-Feb-2016 23:24:40 UTC] PHP Warning:  array_rand() expects parameter 1 to be array, null given in /home/ubuntu/workspace/assignments/assignment2/main.php on line 18
[23-Feb-2016 23:24:40 UTC] PHP Stack trace:
[23-Feb-2016 23:24:40 UTC] PHP   1. {main}() /home/ubuntu/workspace/assignments/assignment2/main.php:0
[23-Feb-2016 23:24:40 UTC] PHP   2. createTable($color = *uninitialized*) /home/ubuntu/workspace/assignments/assignment2/main.php:46
[23-Feb-2016 23:24:40 UTC] PHP   3. array_rand(*uninitialized*) /home/ubuntu/workspace/assignments/assignment2/main.php:18
[23-Feb-2016 23:24:58 UTC] PHP Warning:  array_rand() expects parameter 1 to be array, null given in /home/ubuntu/workspace/assignments/assignment2/main.php on line 18
[23-Feb-2016 23:24:58 UTC] PHP Stack trace:
[23-Feb-2016 23:24:58 UTC] PHP   1. {main}() /home/ubuntu/workspace/assignments/assignment2/main.php:0
[23-Feb-2016 23:24:58 UTC] PHP   2. createTable() /home/ubuntu/workspace/assignments/assignment2/main.php:46
[23-Feb-2016 23:24:58 UTC] PHP   3. array_rand() /home/ubuntu/workspace/assignments/assignment2/main.php:18
[23-Feb-2016 23:24:58 UTC] PHP Warning:  array_rand() expects parameter 1 to be array, null given in /home/ubuntu/workspace/assignments/assignment2/main.php on line 18
[23-Feb-2016 23:24:58 UTC] PHP Stack trace:
[23-Feb-2016 23:24:58 UTC] PHP   1. {main}() /home/ubuntu/workspace/assignments/assignment2/main.php:0
[23-Feb-2016 23:24:58 UTC] PHP   2. createTable() /home/ubuntu/workspace/assignments/assignment2/main.php:46
[23-Feb-2016 23:24:58 UTC] PHP   3. array_rand() /home/ubuntu/workspace/assignments/assignment2/main.php:18
[23-Feb-2016 23:24:58 UTC] PHP Warning:  array_rand() expects parameter 1 to be array, null given in /home/ubuntu/workspace/assignments/assignment2/main.php on line 18
[23-Feb-2016 23:24:58 UTC] PHP Stack trace:
[23-Feb-2016 23:24:58 UTC] PHP   1. {main}() /home/ubuntu/workspace/assignments/assignment2/main.php:0
[23-Feb-2016 23:24:58 UTC] PHP   2. createTable() /home/ubuntu/workspace/assignments/assignment2/main.php:46
[23-Feb-2016 23:24:58 UTC] PHP   3. array_rand() /home/ubuntu/workspace/assignments/assignment2/main.php:18
[23-Feb-2016 23:24:58 UTC] PHP Warning:  array_rand() expects parameter 1 to be array, null given in /home/ubuntu/workspace/assignments/assignment2/main.php on line 18
[23-Feb-2016 23:24:58 UTC] PHP Stack trace:
[23-Feb-2016 23:24:58 UTC] PHP   1. {main}() /home/ubuntu/workspace/assignments/assignment2/main.php:0
[23-Feb-2016 23:24:58 UTC] PHP   2. createTable() /home/ubuntu/workspace/assignments/assignment2/main.php:46
[23-Feb-2016 23:24:58 UTC] PHP   3. array_rand() /home/ubuntu/workspace/assignments/assignment2/main.php:18
[23-Feb-2016 23:24:58 UTC] PHP Warning:  array_rand() expects parameter 1 to be array, null given in /home/ubuntu/workspace/assignments/assignment2/main.php on line 18
[23-Feb-2016 23:24:58 UTC] PHP Stack trace:
[23-Feb-2016 23:24:58 UTC] PHP   1. {main}() /home/ubuntu/workspace/assignments/assignment2/main.php:0
[23-Feb-2016 23:24:58 UTC] PHP   2. createTable() /home/ubuntu/workspace/assignments/assignment2/main.php:46
[23-Feb-2016 23:24:58 UTC] PHP   3. array_rand() /home/ubuntu/workspace/assignments/assignment2/main.php:18
[23-Feb-2016 23:24:58 UTC] PHP Warning:  array_rand() expects parameter 1 to be array, null given in /home/ubuntu/workspace/assignments/assignment2/main.php on line 18
[23-Feb-2016 23:24:58 UTC] PHP Stack trace:
[23-Feb-2016 23:24:58 UTC] PHP   1. {main}() /home/ubuntu/workspace/assignments/assignment2/main.php:0
[23-Feb-2016 23:24:58 UTC] PHP   2. createTable() /home/ubuntu/workspace/assignments/assignment2/main.php:46
[23-Feb-2016 23:24:58 UTC] PHP   3. array_rand() /home/ubuntu/workspace/assignments/assignment2/main.php:18
[23-Feb-2016 23:24:58 UTC] PHP Warning:  array_rand() expects parameter 1 to be array, null given in /home/ubuntu/workspace/assignments/assignment2/main.php on line 18
[23-Feb-2016 23:24:58 UTC] PHP Stack trace:
[23-Feb-2016 23:24:58 UTC] PHP   1. {main}() /home/ubuntu/workspace/assignments/assignment2/main.php:0
[23-Feb-2016 23:24:58 UTC] PHP   2. createTable() /home/ubuntu/workspace/assignments/assignment2/main.php:46
[23-Feb-2016 23:24:58 UTC] PHP   3. array_rand() /home/ubuntu/workspace/assignments/assignment2/main.php:18
[23-Feb-2016 23:24:58 UTC] PHP Warning:  array_rand() expects parameter 1 to be array, null given in /home/ubuntu/workspace/assignments/assignment2/main.php on line 18
[23-Feb-2016 23:24:58 UTC] PHP Stack trace:
[23-Feb-2016 23:24:58 UTC] PHP   1. {main}() /home/ubuntu/workspace/assignments/assignment2/main.php:0
[23-Feb-2016 23:24:58 UTC] PHP   2. createTable() /home/ubuntu/workspace/assignments/assignment2/main.php:46
[23-Feb-2016 23:24:58 UTC] PHP   3. array_rand() /home/ubuntu/workspace/assignments/assignment2/main.php:18
[23-Feb-2016 23:24:58 UTC] PHP Warning:  array_rand() expects parameter 1 to be array, null given in /home/ubuntu/workspace/assignments/assignment2/main.php on line 18
[23-Feb-2016 23:24:58 UTC] PHP Stack trace:
[23-Feb-2016 23:24:58 UTC] PHP   1. {main}() /home/ubuntu/workspace/assignments/assignment2/main.php:0
[23-Feb-2016 23:24:58 UTC] PHP   2. createTable() /home/ubuntu/workspace/assignments/assignment2/main.php:46
[23-Feb-2016 23:24:58 UTC] PHP   3. array_rand() /home/ubuntu/workspace/assignments/assignment2/main.php:18
[23-Feb-2016 23:25:00 UTC] PHP Warning:  array_rand() expects parameter 1 to be array, null given in /home/ubuntu/workspace/assignments/assignment2/main.php on line 18
[23-Feb-2016 23:25:00 UTC] PHP Stack trace:
[23-Feb-2016 23:25:00 UTC] PHP   1. {main}() /home/ubuntu/workspace/assignments/assignment2/main.php:0
[23-Feb-2016 23:25:00 UTC] PHP   2. createTable() /home/ubuntu/workspace/assignments/assignment2/main.php:46
[23-Feb-2016 23:25:00 UTC] PHP   3. array_rand() /home/ubuntu/workspace/assignments/assignment2/main.php:18
[23-Feb-2016 23:25:00 UTC] PHP Warning:  array_rand() expects parameter 1 to be array, null given in /home/ubuntu/workspace/assignments/assignment2/main.php on line 18
[23-Feb-2016 23:25:00 UTC] PHP Stack trace:
[23-Feb-2016 23:25:00 UTC] PHP   1. {main}() /home/ubuntu/workspace/assignments/assignment2/main.php:0
[23-Feb-2016 23:25:00 UTC] PHP   2. createTable() /home/ubuntu/workspace/assignments/assignment2/main.php:46
[23-Feb-2016 23:25:00 UTC] PHP   3. array_rand() /home/ubuntu/workspace/assignments/assignment2/main.php:18
[23-Feb-2016 23:25:00 UTC] PHP Warning:  array_rand() expects parameter 1 to be array, null given in /home/ubuntu/workspace/assignments/assignment2/main.php on line 18
[23-Feb-2016 23:25:00 UTC] PHP Stack trace:
[23-Feb-2016 23:25:00 UTC] PHP   1. {main}() /home/ubuntu/workspace/assignments/assignment2/main.php:0
[23-Feb-2016 23:25:00 UTC] PHP   2. createTable() /home/ubuntu/workspace/assignments/assignment2/main.php:46
[23-Feb-2016 23:25:00 UTC] PHP   3. array_rand() /home/ubuntu/workspace/assignments/assignment2/main.php:18
[23-Feb-2016 23:25:00 UTC] PHP Warning:  array_rand() expects parameter 1 to be array, null given in /home/ubuntu/workspace/assignments/assignment2/main.php on line 18
[23-Feb-2016 23:25:00 UTC] PHP Stack trace:
[23-Feb-2016 23:25:00 UTC] PHP   1. {main}() /home/ubuntu/workspace/assignments/assignment2/main.php:0
[23-Feb-2016 23:25:00 UTC] PHP   2. createTable() /home/ubuntu/workspace/assignments/assignment2/main.php:46
[23-Feb-2016 23:25:00 UTC] PHP   3. array_rand() /home/ubuntu/workspace/assignments/assignment2/main.php:18
[23-Feb-2016 23:25:00 UTC] PHP Warning:  array_rand() expects parameter 1 to be array, null given in /home/ubuntu/workspace/assignments/assignment2/main.php on line 18
[23-Feb-2016 23:25:00 UTC] PHP Stack trace:
[23-Feb-2016 23:25:00 UTC] PHP   1. {main}() /home/ubuntu/workspace/assignments/assignment2/main.php:0
[23-Feb-2016 23:25:00 UTC] PHP   2. createTable() /home/ubuntu/workspace/assignments/assignment2/main.php:46
[23-Feb-2016 23:25:00 UTC] PHP   3. array_rand() /home/ubuntu/workspace/assignments/assignment2/main.php:18
[23-Feb-2016 23:25:00 UTC] PHP Warning:  array_rand() expects parameter 1 to be array, null given in /home/ubuntu/workspace/assignments/assignment2/main.php on line 18
[23-Feb-2016 23:25:00 UTC] PHP Stack trace:
[23-Feb-2016 23:25:00 UTC] PHP   1. {main}() /home/ubuntu/workspace/assignments/assignment2/main.php:0
[23-Feb-2016 23:25:00 UTC] PHP   2. createTable() /home/ubuntu/workspace/assignments/assignment2/main.php:46
[23-Feb-2016 23:25:00 UTC] PHP   3. array_rand() /home/ubuntu/workspace/assignments/assignment2/main.php:18
[23-Feb-2016 23:25:00 UTC] PHP Warning:  array_rand() expects parameter 1 to be array, null given in /home/ubuntu/workspace/assignments/assignment2/main.php on line 18
[23-Feb-2016 23:25:00 UTC] PHP Stack trace:
[23-Feb-2016 23:25:00 UTC] PHP   1. {main}() /home/ubuntu/workspace/assignments/assignment2/main.php:0
[23-Feb-2016 23:25:00 UTC] PHP   2. createTable() /home/ubuntu/workspace/assignments/assignment2/main.php:46
[23-Feb-2016 23:25:00 UTC] PHP   3. array_rand() /home/ubuntu/workspace/assignments/assignment2/main.php:18
[23-Feb-2016 23:25:00 UTC] PHP Warning:  array_rand() expects parameter 1 to be array, null given in /home/ubuntu/workspace/assignments/assignment2/main.php on line 18
[23-Feb-2016 23:25:00 UTC] PHP Stack trace:
[23-Feb-2016 23:25:00 UTC] PHP   1. {main}() /home/ubuntu/workspace/assignments/assignment2/main.php:0
[23-Feb-2016 23:25:00 UTC] PHP   2. createTable() /home/ubuntu/workspace/assignments/assignment2/main.php:46
[23-Feb-2016 23:25:00 UTC] PHP   3. array_rand() /home/ubuntu/workspace/assignments/assignment2/main.php:18
[23-Feb-2016 23:25:00 UTC] PHP Warning:  array_rand() expects parameter 1 to be array, null given in /home/ubuntu/workspace/assignments/assignment2/main.php on line 18
[23-Feb-2016 23:25:00 UTC] PHP Stack trace:
[23-Feb-2016 23:25:00 UTC] PHP   1. {main}() /home/ubuntu/workspace/assignments/assignment2/main.php:0
[23-Feb-2016 23:25:00 UTC] PHP   2. createTable() /home/ubuntu/workspace/assignments/assignment2/main.php:46
[23-Feb-2016 23:25:00 UTC] PHP   3. array_rand() /home/ubuntu/workspace/assignments/assignment2/main.php:18
[23-Feb-2016 23:25:48 UTC] PHP Warning:  array_rand() expects parameter 1 to be array, null given in /home/ubuntu/workspace/assignments/assignment2/main.php on line 18
[23-Feb-2016 23:25:48 UTC] PHP Stack trace:
[23-Feb-2016 23:25:48 UTC] PHP   1. {main}() /home/ubuntu/workspace/assignments/assignment2/main.php:0
[23-Feb-2016 23:25:48 UTC] PHP   2. createTable() /home/ubuntu/workspace/assignments/assignment2/main.php:47
[23-Feb-2016 23:25:48 UTC] PHP   3. array_rand() /home/ubuntu/workspace/assignments/assignment2/main.php:18
[23-Feb-2016 23:25:48 UTC] PHP Warning:  array_rand() expects parameter 1 to be array, null given in /home/ubuntu/workspace/assignments/assignment2/main.php on line 18
[23-Feb-2016 23:25:48 UTC] PHP Stack trace:
[23-Feb-2016 23:25:48 UTC] PHP   1. {main}() /home/ubuntu/workspace/assignments/assignment2/main.php:0
[23-Feb-2016 23:25:48 UTC] PHP   2. createTable() /home/ubuntu/workspace/assignments/assignment2/main.php:47
[23-Feb-2016 23:25:48 UTC] PHP   3. array_rand() /home/ubuntu/workspace/assignments/assignment2/main.php:18
[23-Feb-2016 23:25:48 UTC] PHP Warning:  array_rand() expects parameter 1 to be array, null given in /home/ubuntu/workspace/assignments/assignment2/main.php on line 18
[23-Feb-2016 23:25:48 UTC] PHP Stack trace:
[23-Feb-2016 23:25:48 UTC] PHP   1. {main}() /home/ubuntu/workspace/assignments/assignment2/main.php:0
[23-Feb-2016 23:25:48 UTC] PHP   2. createTable() /home/ubuntu/workspace/assignments/assignment2/main.php:47
[23-Feb-2016 23:25:48 UTC] PHP   3. array_rand() /home/ubuntu/workspace/assignments/assignment2/main.php:18
[23-Feb-2016 23:25:48 UTC] PHP Warning:  array_rand() expects parameter 1 to be array, null given in /home/ubuntu/workspace/assignments/assignment2/main.php on line 18
[23-Feb-2016 23:25:48 UTC] PHP Stack trace:
[23-Feb-2016 23:25:48 UTC] PHP   1. {main}() /home/ubuntu/workspace/assignments/assignment2/main.php:0
[23-Feb-2016 23:25:48 UTC] PHP   2. createTable() /home/ubuntu/workspace/assignments/assignment2/main.php:47
[23-Feb-2016 23:25:48 UTC] PHP   3. array_rand() /home/ubuntu/workspace/assignments/assignment2/main.php:18
[23-Feb-2016 23:25:48 UTC] PHP Warning:  array_rand() expects parameter 1 to be array, null given in /home/ubuntu/workspace/assignments/assignment2/main.php on line 18
[23-Feb-2016 23:25:48 UTC] PHP Stack trace:
[23-Feb-2016 23:25:48 UTC] PHP   1. {main}() /home/ubuntu/workspace/assignments/assignment2/main.php:0
[23-Feb-2016 23:25:48 UTC] PHP   2. createTable() /home/ubuntu/workspace/assignments/assignment2/main.php:47
[23-Feb-2016 23:25:48 UTC] PHP   3. array_rand() /home/ubuntu/workspace/assignments/assignment2/main.php:18
[23-Feb-2016 23:25:48 UTC] PHP Warning:  array_rand() expects parameter 1 to be array, null given in /home/ubuntu/workspace/assignments/assignment2/main.php on line 18
[23-Feb-2016 23:25:48 UTC] PHP Stack trace:
[23-Feb-2016 23:25:48 UTC] PHP   1. {main}() /home/ubuntu/workspace/assignments/assignment2/main.php:0
[23-Feb-2016 23:25:48 UTC] PHP   2. createTable() /home/ubuntu/workspace/assignments/assignment2/main.php:47
[23-Feb-2016 23:25:48 UTC] PHP   3. array_rand() /home/ubuntu/workspace/assignments/assignment2/main.php:18
[23-Feb-2016 23:25:48 UTC] PHP Warning:  array_rand() expects parameter 1 to be array, null given in /home/ubuntu/workspace/assignments/assignment2/main.php on line 18
[23-Feb-2016 23:25:48 UTC] PHP Stack trace:
[23-Feb-2016 23:25:48 UTC] PHP   1. {main}() /home/ubuntu/workspace/assignments/assignment2/main.php:0
[23-Feb-2016 23:25:48 UTC] PHP   2. createTable() /home/ubuntu/workspace/assignments/assignment2/main.php:47
[23-Feb-2016 23:25:48 UTC] PHP   3. array_rand() /home/ubuntu/workspace/assignments/assignment2/main.php:18
[23-Feb-2016 23:25:48 UTC] PHP Warning:  array_rand() expects parameter 1 to be array, null given in /home/ubuntu/workspace/assignments/assignment2/main.php on line 18
[23-Feb-2016 23:25:48 UTC] PHP Stack trace:
[23-Feb-2016 23:25:48 UTC] PHP   1. {main}() /home/ubuntu/workspace/assignments/assignment2/main.php:0
[23-Feb-2016 23:25:48 UTC] PHP   2. createTable() /home/ubuntu/workspace/assignments/assignment2/main.php:47
[23-Feb-2016 23:25:48 UTC] PHP   3. array_rand() /home/ubuntu/workspace/assignments/assignment2/main.php:18
[23-Feb-2016 23:25:48 UTC] PHP Warning:  array_rand() expects parameter 1 to be array, null given in /home/ubuntu/workspace/assignments/assignment2/main.php on line 18
[23-Feb-2016 23:25:48 UTC] PHP Stack trace:
[23-Feb-2016 23:25:48 UTC] PHP   1. {main}() /home/ubuntu/workspace/assignments/assignment2/main.php:0
[23-Feb-2016 23:25:48 UTC] PHP   2. createTable() /home/ubuntu/workspace/assignments/assignment2/main.php:47
[23-Feb-2016 23:25:48 UTC] PHP   3. array_rand() /home/ubuntu/workspace/assignments/assignment2/main.php:18
[23-Feb-2016 23:25:51 UTC] PHP Warning:  array_rand() expects parameter 1 to be array, null given in /home/ubuntu/workspace/assignments/assignment2/main.php on line 18
[23-Feb-2016 23:25:51 UTC] PHP Stack trace:
[23-Feb-2016 23:25:51 UTC] PHP   1. {main}() /home/ubuntu/workspace/assignments/assignment2/main.php:0
[23-Feb-2016 23:25:51 UTC] PHP   2. createTable() /home/ubuntu/workspace/assignments/assignment2/main.php:47
[23-Feb-2016 23:25:51 UTC] PHP   3. array_rand() /home/ubuntu/workspace/assignments/assignment2/main.php:18
[23-Feb-2016 23:25:51 UTC] PHP Warning:  array_rand() expects parameter 1 to be array, null given in /home/ubuntu/workspace/assignments/assignment2/main.php on line 18
[23-Feb-2016 23:25:51 UTC] PHP Stack trace:
[23-Feb-2016 23:25:51 UTC] PHP   1. {main}() /home/ubuntu/workspace/assignments/assignment2/main.php:0
[23-Feb-2016 23:25:51 UTC] PHP   2. createTable() /home/ubuntu/workspace/assignments/assignment2/main.php:47
[23-Feb-2016 23:25:51 UTC] PHP   3. array_rand() /home/ubuntu/workspace/assignments/assignment2/main.php:18
[23-Feb-2016 23:25:51 UTC] PHP Warning:  array_rand() expects parameter 1 to be array, null given in /home/ubuntu/workspace/assignments/assignment2/main.php on line 18
[23-Feb-2016 23:25:51 UTC] PHP Stack trace:
[23-Feb-2016 23:25:51 UTC] PHP   1. {main}() /home/ubuntu/workspace/assignments/assignment2/main.php:0
[23-Feb-2016 23:25:51 UTC] PHP   2. createTable() /home/ubuntu/workspace/assignments/assignment2/main.php:47
[23-Feb-2016 23:25:51 UTC] PHP   3. array_rand() /home/ubuntu/workspace/assignments/assignment2/main.php:18
[23-Feb-2016 23:25:51 UTC] PHP Warning:  array_rand() expects parameter 1 to be array, null given in /home/ubuntu/workspace/assignments/assignment2/main.php on line 18
[23-Feb-2016 23:25:51 UTC] PHP Stack trace:
[23-Feb-2016 23:25:51 UTC] PHP   1. {main}() /home/ubuntu/workspace/assignments/assignment2/main.php:0
[23-Feb-2016 23:25:51 UTC] PHP   2. createTable() /home/ubuntu/workspace/assignments/assignment2/main.php:47
[23-Feb-2016 23:25:51 UTC] PHP   3. array_rand() /home/ubuntu/workspace/assignments/assignment2/main.php:18
[23-Feb-2016 23:25:51 UTC] PHP Warning:  array_rand() expects parameter 1 to be array, null given in /home/ubuntu/workspace/assignments/assignment2/main.php on line 18
[23-Feb-2016 23:25:51 UTC] PHP Stack trace:
[23-Feb-2016 23:25:51 UTC] PHP   1. {main}() /home/ubuntu/workspace/assignments/assignment2/main.php:0
[23-Feb-2016 23:25:51 UTC] PHP   2. createTable() /home/ubuntu/workspace/assignments/assignment2/main.php:47
[23-Feb-2016 23:25:51 UTC] PHP   3. array_rand() /home/ubuntu/workspace/assignments/assignment2/main.php:18
[23-Feb-2016 23:25:51 UTC] PHP Warning:  array_rand() expects parameter 1 to be array, null given in /home/ubuntu/workspace/assignments/assignment2/main.php on line 18
[23-Feb-2016 23:25:51 UTC] PHP Stack trace:
[23-Feb-2016 23:25:51 UTC] PHP   1. {main}() /home/ubuntu/workspace/assignments/assignment2/main.php:0
[23-Feb-2016 23:25:51 UTC] PHP   2. createTable() /home/ubuntu/workspace/assignments/assignment2/main.php:47
[23-Feb-2016 23:25:51 UTC] PHP   3. array_rand() /home/ubuntu/workspace/assignments/assignment2/main.php:18
[23-Feb-2016 23:25:51 UTC] PHP Warning:  array_rand() expects parameter 1 to be array, null given in /home/ubuntu/workspace/assignments/assignment2/main.php on line 18
[23-Feb-2016 23:25:51 UTC] PHP Stack trace:
[23-Feb-2016 23:25:51 UTC] PHP   1. {main}() /home/ubuntu/workspace/assignments/assignment2/main.php:0
[23-Feb-2016 23:25:51 UTC] PHP   2. createTable() /home/ubuntu/workspace/assignments/assignment2/main.php:47
[23-Feb-2016 23:25:51 UTC] PHP   3. array_rand() /home/ubuntu/workspace/assignments/assignment2/main.php:18
[23-Feb-2016 23:25:51 UTC] PHP Warning:  array_rand() expects parameter 1 to be array, null given in /home/ubuntu/workspace/assignments/assignment2/main.php on line 18
[23-Feb-2016 23:25:51 UTC] PHP Stack trace:
[23-Feb-2016 23:25:51 UTC] PHP   1. {main}() /home/ubuntu/workspace/assignments/assignment2/main.php:0
[23-Feb-2016 23:25:51 UTC] PHP   2. createTable() /home/ubuntu/workspace/assignments/assignment2/main.php:47
[23-Feb-2016 23:25:51 UTC] PHP   3. array_rand() /home/ubuntu/workspace/assignments/assignment2/main.php:18
[23-Feb-2016 23:25:51 UTC] PHP Warning:  array_rand() expects parameter 1 to be array, null given in /home/ubuntu/workspace/assignments/assignment2/main.php on line 18
[23-Feb-2016 23:25:51 UTC] PHP Stack trace:
[23-Feb-2016 23:25:51 UTC] PHP   1. {main}() /home/ubuntu/workspace/assignments/assignment2/main.php:0
[23-Feb-2016 23:25:51 UTC] PHP   2. createTable() /home/ubuntu/workspace/assignments/assignment2/main.php:47
[23-Feb-2016 23:25:51 UTC] PHP   3. array_rand() /home/ubuntu/workspace/assignments/assignment2/main.php:18
[23-Feb-2016 23:26:19 UTC] PHP Warning:  array_rand() expects parameter 1 to be array, null given in /home/ubuntu/workspace/assignments/assignment2/main.php on line 18
[23-Feb-2016 23:26:19 UTC] PHP Stack trace:
[23-Feb-2016 23:26:19 UTC] PHP   1. {main}() /home/ubuntu/workspace/assignments/assignment2/main.php:0
[23-Feb-2016 23:26:19 UTC] PHP   2. createTable($color = *uninitialized*) /home/ubuntu/workspace/assignments/assignment2/main.php:47
[23-Feb-2016 23:26:19 UTC] PHP   3. array_rand(*uninitialized*) /home/ubuntu/workspace/assignments/assignment2/main.php:18
[23-Feb-2016 23:26:19 UTC] PHP Warning:  array_rand() expects parameter 1 to be array, null given in /home/ubuntu/workspace/assignments/assignment2/main.php on line 18
[23-Feb-2016 23:26:19 UTC] PHP Stack trace:
[23-Feb-2016 23:26:19 UTC] PHP   1. {main}() /home/ubuntu/workspace/assignments/assignment2/main.php:0
[23-Feb-2016 23:26:19 UTC] PHP   2. createTable($color = *uninitialized*) /home/ubuntu/workspace/assignments/assignment2/main.php:47
[23-Feb-2016 23:26:19 UTC] PHP   3. array_rand(*uninitialized*) /home/ubuntu/workspace/assignments/assignment2/main.php:18
[23-Feb-2016 23:26:19 UTC] PHP Warning:  array_rand() expects parameter 1 to be array, null given in /home/ubuntu/workspace/assignments/assignment2/main.php on line 18
[23-Feb-2016 23:26:19 UTC] PHP Stack trace:
[23-Feb-2016 23:26:19 UTC] PHP   1. {main}() /home/ubuntu/workspace/assignments/assignment2/main.php:0
[23-Feb-2016 23:26:19 UTC] PHP   2. createTable($color = *uninitialized*) /home/ubuntu/workspace/assignments/assignment2/main.php:47
[23-Feb-2016 23:26:19 UTC] PHP   3. array_rand(*uninitialized*) /home/ubuntu/workspace/assignments/assignment2/main.php:18
[23-Feb-2016 23:26:19 UTC] PHP Warning:  array_rand() expects parameter 1 to be array, null given in /home/ubuntu/workspace/assignments/assignment2/main.php on line 18
[23-Feb-2016 23:26:19 UTC] PHP Stack trace:
[23-Feb-2016 23:26:19 UTC] PHP   1. {main}() /home/ubuntu/workspace/assignments/assignment2/main.php:0
[23-Feb-2016 23:26:19 UTC] PHP   2. createTable($color = *uninitialized*) /home/ubuntu/workspace/assignments/assignment2/main.php:47
[23-Feb-2016 23:26:19 UTC] PHP   3. array_rand(*uninitialized*) /home/ubuntu/workspace/assignments/assignment2/main.php:18
[23-Feb-2016 23:26:19 UTC] PHP Warning:  array_rand() expects parameter 1 to be array, null given in /home/ubuntu/workspace/assignments/assignment2/main.php on line 18
[23-Feb-2016 23:26:19 UTC] PHP Stack trace:
[23-Feb-2016 23:26:19 UTC] PHP   1. {main}() /home/ubuntu/workspace/assignments/assignment2/main.php:0
[23-Feb-2016 23:26:19 UTC] PHP   2. createTable($color = *uninitialized*) /home/ubuntu/workspace/assignments/assignment2/main.php:47
[23-Feb-2016 23:26:19 UTC] PHP   3. array_rand(*uninitialized*) /home/ubuntu/workspace/assignments/assignment2/main.php:18
[23-Feb-2016 23:26:19 UTC] PHP Warning:  array_rand() expects parameter 1 to be array, null given in /home/ubuntu/workspace/assignments/assignment2/main.php on line 18
[23-Feb-2016 23:26:19 UTC] PHP Stack trace:
[23-Feb-2016 23:26:19 UTC] PHP   1. {main}() /home/ubuntu/workspace/assignments/assignment2/main.php:0
[23-Feb-2016 23:26:19 UTC] PHP   2. createTable($color = *uninitialized*) /home/ubuntu/workspace/assignments/assignment2/main.php:47
[23-Feb-2016 23:26:19 UTC] PHP   3. array_rand(*uninitialized*) /home/ubuntu/workspace/assignments/assignment2/main.php:18
[23-Feb-2016 23:26:19 UTC] PHP Warning:  array_rand() expects parameter 1 to be array, null given in /home/ubuntu/workspace/assignments/assignment2/main.php on line 18
[23-Feb-2016 23:26:19 UTC] PHP Stack trace:
[23-Feb-2016 23:26:19 UTC] PHP   1. {main}() /home/ubuntu/workspace/assignments/assignment2/main.php:0
[23-Feb-2016 23:26:19 UTC] PHP   2. createTable($color = *uninitialized*) /home/ubuntu/workspace/assignments/assignment2/main.php:47
[23-Feb-2016 23:26:19 UTC] PHP   3. array_rand(*uninitialized*) /home/ubuntu/workspace/assignments/assignment2/main.php:18
[23-Feb-2016 23:26:19 UTC] PHP Warning:  array_rand() expects parameter 1 to be array, null given in /home/ubuntu/workspace/assignments/assignment2/main.php on line 18
[23-Feb-2016 23:26:19 UTC] PHP Stack trace:
[23-Feb-2016 23:26:19 UTC] PHP   1. {main}() /home/ubuntu/workspace/assignments/assignment2/main.php:0
[23-Feb-2016 23:26:19 UTC] PHP   2. createTable($color = *uninitialized*) /home/ubuntu/workspace/assignments/assignment2/main.php:47
[23-Feb-2016 23:26:19 UTC] PHP   3. array_rand(*uninitialized*) /home/ubuntu/workspace/assignments/assignment2/main.php:18
[23-Feb-2016 23:26:19 UTC] PHP Warning:  array_rand() expects parameter 1 to be array, null given in /home/ubuntu/workspace/assignments/assignment2/main.php on line 18
[23-Feb-2016 23:26:19 UTC] PHP Stack trace:
[23-Feb-2016 23:26:19 UTC] PHP   1. {main}() /home/ubuntu/workspace/assignments/assignment2/main.php:0
[23-Feb-2016 23:26:19 UTC] PHP   2. createTable($color = *uninitialized*) /home/ubuntu/workspace/assignments/assignment2/main.php:47
[23-Feb-2016 23:26:19 UTC] PHP   3. array_rand(*uninitialized*) /home/ubuntu/workspace/assignments/assignment2/main.php:18
[23-Feb-2016 23:26:43 UTC] PHP Warning:  array_rand() expects parameter 1 to be array, null given in /home/ubuntu/workspace/assignments/assignment2/main.php on line 18
[23-Feb-2016 23:26:43 UTC] PHP Stack trace:
[23-Feb-2016 23:26:43 UTC] PHP   1. {main}() /home/ubuntu/workspace/assignments/assignment2/main.php:0
[23-Feb-2016 23:26:43 UTC] PHP   2. createTable($color = *uninitialized*) /home/ubuntu/workspace/assignments/assignment2/main.php:47
[23-Feb-2016 23:26:43 UTC] PHP   3. array_rand(*uninitialized*) /home/ubuntu/workspace/assignments/assignment2/main.php:18
[23-Feb-2016 23:26:43 UTC] PHP Warning:  array_rand() expects parameter 1 to be array, null given in /home/ubuntu/workspace/assignments/assignment2/main.php on line 18
[23-Feb-2016 23:26:43 UTC] PHP Stack trace:
[23-Feb-2016 23:26:43 UTC] PHP   1. {main}() /home/ubuntu/workspace/assignments/assignment2/main.php:0
[23-Feb-2016 23:26:43 UTC] PHP   2. createTable($color = *uninitialized*) /home/ubuntu/workspace/assignments/assignment2/main.php:47
[23-Feb-2016 23:26:43 UTC] PHP   3. array_rand(*uninitialized*) /home/ubuntu/workspace/assignments/assignment2/main.php:18
[23-Feb-2016 23:26:43 UTC] PHP Warning:  array_rand() expects parameter 1 to be array, null given in /home/ubuntu/workspace/assignments/assignment2/main.php on line 18
[23-Feb-2016 23:26:43 UTC] PHP Stack trace:
[23-Feb-2016 23:26:43 UTC] PHP   1. {main}() /home/ubuntu/workspace/assignments/assignment2/main.php:0
[23-Feb-2016 23:26:43 UTC] PHP   2. createTable($color = *uninitialized*) /home/ubuntu/workspace/assignments/assignment2/main.php:47
[23-Feb-2016 23:26:43 UTC] PHP   3. array_rand(*uninitialized*) /home/ubuntu/workspace/assignments/assignment2/main.php:18
[23-Feb-2016 23:26:43 UTC] PHP Warning:  array_rand() expects parameter 1 to be array, null given in /home/ubuntu/workspace/assignments/assignment2/main.php on line 18
[23-Feb-2016 23:26:43 UTC] PHP Stack trace:
[23-Feb-2016 23:26:43 UTC] PHP   1. {main}() /home/ubuntu/workspace/assignments/assignment2/main.php:0
[23-Feb-2016 23:26:43 UTC] PHP   2. createTable($color = *uninitialized*) /home/ubuntu/workspace/assignments/assignment2/main.php:47
[23-Feb-2016 23:26:43 UTC] PHP   3. array_rand(*uninitialized*) /home/ubuntu/workspace/assignments/assignment2/main.php:18
[23-Feb-2016 23:26:43 UTC] PHP Warning:  array_rand() expects parameter 1 to be array, null given in /home/ubuntu/workspace/assignments/assignment2/main.php on line 18
[23-Feb-2016 23:26:43 UTC] PHP Stack trace:
[23-Feb-2016 23:26:43 UTC] PHP   1. {main}() /home/ubuntu/workspace/assignments/assignment2/main.php:0
[23-Feb-2016 23:26:43 UTC] PHP   2. createTable($color = *uninitialized*) /home/ubuntu/workspace/assignments/assignment2/main.php:47
[23-Feb-2016 23:26:43 UTC] PHP   3. array_rand(*uninitialized*) /home/ubuntu/workspace/assignments/assignment2/main.php:18
[23-Feb-2016 23:26:43 UTC] PHP Warning:  array_rand() expects parameter 1 to be array, null given in /home/ubuntu/workspace/assignments/assignment2/main.php on line 18
[23-Feb-2016 23:26:43 UTC] PHP Stack trace:
[23-Feb-2016 23:26:43 UTC] PHP   1. {main}() /home/ubuntu/workspace/assignments/assignment2/main.php:0
[23-Feb-2016 23:26:43 UTC] PHP   2. createTable($color = *uninitialized*) /home/ubuntu/workspace/assignments/assignment2/main.php:47
[23-Feb-2016 23:26:43 UTC] PHP   3. array_rand(*uninitialized*) /home/ubuntu/workspace/assignments/assignment2/main.php:18
[23-Feb-2016 23:26:43 UTC] PHP Warning:  array_rand() expects parameter 1 to be array, null given in /home/ubuntu/workspace/assignments/assignment2/main.php on line 18
[23-Feb-2016 23:26:43 UTC] PHP Stack trace:
[23-Feb-2016 23:26:43 UTC] PHP   1. {main}() /home/ubuntu/workspace/assignments/assignment2/main.php:0
[23-Feb-2016 23:26:43 UTC] PHP   2. createTable($color = *uninitialized*) /home/ubuntu/workspace/assignments/assignment2/main.php:47
[23-Feb-2016 23:26:43 UTC] PHP   3. array_rand(*uninitialized*) /home/ubuntu/workspace/assignments/assignment2/main.php:18
[23-Feb-2016 23:26:43 UTC] PHP Warning:  array_rand() expects parameter 1 to be array, null given in /home/ubuntu/workspace/assignments/assignment2/main.php on line 18
[23-Feb-2016 23:26:43 UTC] PHP Stack trace:
[23-Feb-2016 23:26:43 UTC] PHP   1. {main}() /home/ubuntu/workspace/assignments/assignment2/main.php:0
[23-Feb-2016 23:26:43 UTC] PHP   2. createTable($color = *uninitialized*) /home/ubuntu/workspace/assignments/assignment2/main.php:47
[23-Feb-2016 23:26:43 UTC] PHP   3. array_rand(*uninitialized*) /home/ubuntu/workspace/assignments/assignment2/main.php:18
[23-Feb-2016 23:26:43 UTC] PHP Warning:  array_rand() expects parameter 1 to be array, null given in /home/ubuntu/workspace/assignments/assignment2/main.php on line 18
[23-Feb-2016 23:26:43 UTC] PHP Stack trace:
[23-Feb-2016 23:26:43 UTC] PHP   1. {main}() /home/ubuntu/workspace/assignments/assignment2/main.php:0
[23-Feb-2016 23:26:43 UTC] PHP   2. createTable($color = *uninitialized*) /home/ubuntu/workspace/assignments/assignment2/main.php:47
[23-Feb-2016 23:26:43 UTC] PHP   3. array_rand(*uninitialized*) /home/ubuntu/workspace/assignments/assignment2/main.php:18
[23-Feb-2016 23:27:11 UTC] PHP Warning:  array_rand() expects parameter 1 to be array, null given in /home/ubuntu/workspace/assignments/assignment2/main.php on line 19
[23-Feb-2016 23:27:11 UTC] PHP Stack trace:
[23-Feb-2016 23:27:11 UTC] PHP   1. {main}() /home/ubuntu/workspace/assignments/assignment2/main.php:0
[23-Feb-2016 23:27:11 UTC] PHP   2. createTable($color = *uninitialized*) /home/ubuntu/workspace/assignments/assignment2/main.php:48
[23-Feb-2016 23:27:11 UTC] PHP   3. array_rand(*uninitialized*) /home/ubuntu/workspace/assignments/assignment2/main.php:19
[23-Feb-2016 23:27:11 UTC] PHP Warning:  array_rand() expects parameter 1 to be array, null given in /home/ubuntu/workspace/assignments/assignment2/main.php on line 19
[23-Feb-2016 23:27:11 UTC] PHP Stack trace:
[23-Feb-2016 23:27:11 UTC] PHP   1. {main}() /home/ubuntu/workspace/assignments/assignment2/main.php:0
[23-Feb-2016 23:27:11 UTC] PHP   2. createTable($color = *uninitialized*) /home/ubuntu/workspace/assignments/assignment2/main.php:48
[23-Feb-2016 23:27:11 UTC] PHP   3. array_rand(*uninitialized*) /home/ubuntu/workspace/assignments/assignment2/main.php:19
[23-Feb-2016 23:27:11 UTC] PHP Warning:  array_rand() expects parameter 1 to be array, null given in /home/ubuntu/workspace/assignments/assignment2/main.php on line 19
[23-Feb-2016 23:27:11 UTC] PHP Stack trace:
[23-Feb-2016 23:27:11 UTC] PHP   1. {main}() /home/ubuntu/workspace/assignments/assignment2/main.php:0
[23-Feb-2016 23:27:11 UTC] PHP   2. createTable($color = *uninitialized*) /home/ubuntu/workspace/assignments/assignment2/main.php:48
[23-Feb-2016 23:27:11 UTC] PHP   3. array_rand(*uninitialized*) /home/ubuntu/workspace/assignments/assignment2/main.php:19
[23-Feb-2016 23:27:11 UTC] PHP Warning:  array_rand() expects parameter 1 to be array, null given in /home/ubuntu/workspace/assignments/assignment2/main.php on line 19
[23-Feb-2016 23:27:11 UTC] PHP Stack trace:
[23-Feb-2016 23:27:11 UTC] PHP   1. {main}() /home/ubuntu/workspace/assignments/assignment2/main.php:0
[23-Feb-2016 23:27:11 UTC] PHP   2. createTable($color = *uninitialized*) /home/ubuntu/workspace/assignments/assignment2/main.php:48
[23-Feb-2016 23:27:11 UTC] PHP   3. array_rand(*uninitialized*) /home/ubuntu/workspace/assignments/assignment2/main.php:19
[23-Feb-2016 23:27:11 UTC] PHP Warning:  array_rand() expects parameter 1 to be array, null given in /home/ubuntu/workspace/assignments/assignment2/main.php on line 19
[23-Feb-2016 23:27:11 UTC] PHP Stack trace:
[23-Feb-2016 23:27:11 UTC] PHP   1. {main}() /home/ubuntu/workspace/assignments/assignment2/main.php:0
[23-Feb-2016 23:27:11 UTC] PHP   2. createTable($color = *uninitialized*) /home/ubuntu/workspace/assignments/assignment2/main.php:48
[23-Feb-2016 23:27:11 UTC] PHP   3. array_rand(*uninitialized*) /home/ubuntu/workspace/assignments/assignment2/main.php:19
[23-Feb-2016 23:27:11 UTC] PHP Warning:  array_rand() expects parameter 1 to be array, null given in /home/ubuntu/workspace/assignments/assignment2/main.php on line 19
[23-Feb-2016 23:27:11 UTC] PHP Stack trace:
[23-Feb-2016 23:27:11 UTC] PHP   1. {main}() /home/ubuntu/workspace/assignments/assignment2/main.php:0
[23-Feb-2016 23:27:11 UTC] PHP   2. createTable($color = *uninitialized*) /home/ubuntu/workspace/assignments/assignment2/main.php:48
[23-Feb-2016 23:27:11 UTC] PHP   3. array_rand(*uninitialized*) /home/ubuntu/workspace/assignments/assignment2/main.php:19
[23-Feb-2016 23:27:11 UTC] PHP Warning:  array_rand() expects parameter 1 to be array, null given in /home/ubuntu/workspace/assignments/assignment2/main.php on line 19
[23-Feb-2016 23:27:11 UTC] PHP Stack trace:
[23-Feb-2016 23:27:11 UTC] PHP   1. {main}() /home/ubuntu/workspace/assignments/assignment2/main.php:0
[23-Feb-2016 23:27:11 UTC] PHP   2. createTable($color = *uninitialized*) /home/ubuntu/workspace/assignments/assignment2/main.php:48
[23-Feb-2016 23:27:11 UTC] PHP   3. array_rand(*uninitialized*) /home/ubuntu/workspace/assignments/assignment2/main.php:19
[23-Feb-2016 23:27:11 UTC] PHP Warning:  array_rand() expects parameter 1 to be array, null given in /home/ubuntu/workspace/assignments/assignment2/main.php on line 19
[23-Feb-2016 23:27:11 UTC] PHP Stack trace:
[23-Feb-2016 23:27:11 UTC] PHP   1. {main}() /home/ubuntu/workspace/assignments/assignment2/main.php:0
[23-Feb-2016 23:27:11 UTC] PHP   2. createTable($color = *uninitialized*) /home/ubuntu/workspace/assignments/assignment2/main.php:48
[23-Feb-2016 23:27:11 UTC] PHP   3. array_rand(*uninitialized*) /home/ubuntu/workspace/assignments/assignment2/main.php:19
[23-Feb-2016 23:27:11 UTC] PHP Warning:  array_rand() expects parameter 1 to be array, null given in /home/ubuntu/workspace/assignments/assignment2/main.php on line 19
[23-Feb-2016 23:27:11 UTC] PHP Stack trace:
[23-Feb-2016 23:27:11 UTC] PHP   1. {main}() /home/ubuntu/workspace/assignments/assignment2/main.php:0
[23-Feb-2016 23:27:11 UTC] PHP   2. createTable($color = *uninitialized*) /home/ubuntu/workspace/assignments/assignment2/main.php:48
[23-Feb-2016 23:27:11 UTC] PHP   3. array_rand(*uninitialized*) /home/ubuntu/workspace/assignments/assignment2/main.php:19
[23-Feb-2016 23:30:58 UTC] PHP Warning:  array_rand() expects parameter 1 to be array, null given in /home/ubuntu/workspace/assignments/assignment2/main.php on line 20
[23-Feb-2016 23:30:58 UTC] PHP Stack trace:
[23-Feb-2016 23:30:58 UTC] PHP   1. {main}() /home/ubuntu/workspace/assignments/assignment2/main.php:0
[23-Feb-2016 23:30:58 UTC] PHP   2. createTable($color = *uninitialized*) /home/ubuntu/workspace/assignments/assignment2/main.php:49
[23-Feb-2016 23:30:58 UTC] PHP   3. array_rand(*uninitialized*) /home/ubuntu/workspace/assignments/assignment2/main.php:20
[23-Feb-2016 23:30:58 UTC] PHP Warning:  array_rand() expects parameter 1 to be array, null given in /home/ubuntu/workspace/assignments/assignment2/main.php on line 20
[23-Feb-2016 23:30:58 UTC] PHP Stack trace:
[23-Feb-2016 23:30:58 UTC] PHP   1. {main}() /home/ubuntu/workspace/assignments/assignment2/main.php:0
[23-Feb-2016 23:30:58 UTC] PHP   2. createTable($color = *uninitialized*) /home/ubuntu/workspace/assignments/assignment2/main.php:49
[23-Feb-2016 23:30:58 UTC] PHP   3. array_rand(*uninitialized*) /home/ubuntu/workspace/assignments/assignment2/main.php:20
[23-Feb-2016 23:30:58 UTC] PHP Warning:  array_rand() expects parameter 1 to be array, null given in /home/ubuntu/workspace/assignments/assignment2/main.php on line 20
[23-Feb-2016 23:30:58 UTC] PHP Stack trace:
[23-Feb-2016 23:30:58 UTC] PHP   1. {main}() /home/ubuntu/workspace/assignments/assignment2/main.php:0
[23-Feb-2016 23:30:58 UTC] PHP   2. createTable($color = *uninitialized*) /home/ubuntu/workspace/assignments/assignment2/main.php:49
[23-Feb-2016 23:30:58 UTC] PHP   3. array_rand(*uninitialized*) /home/ubuntu/workspace/assignments/assignment2/main.php:20
[23-Feb-2016 23:30:58 UTC] PHP Warning:  array_rand() expects parameter 1 to be array, null given in /home/ubuntu/workspace/assignments/assignment2/main.php on line 20
[23-Feb-2016 23:30:58 UTC] PHP Stack trace:
[23-Feb-2016 23:30:58 UTC] PHP   1. {main}() /home/ubuntu/workspace/assignments/assignment2/main.php:0
[23-Feb-2016 23:30:58 UTC] PHP   2. createTable($color = *uninitialized*) /home/ubuntu/workspace/assignments/assignment2/main.php:49
[23-Feb-2016 23:30:58 UTC] PHP   3. array_rand(*uninitialized*) /home/ubuntu/workspace/assignments/assignment2/main.php:20
[23-Feb-2016 23:30:58 UTC] PHP Warning:  array_rand() expects parameter 1 to be array, null given in /home/ubuntu/workspace/assignments/assignment2/main.php on line 20
[23-Feb-2016 23:30:58 UTC] PHP Stack trace:
[23-Feb-2016 23:30:58 UTC] PHP   1. {main}() /home/ubuntu/workspace/assignments/assignment2/main.php:0
[23-Feb-2016 23:30:58 UTC] PHP   2. createTable($color = *uninitialized*) /home/ubuntu/workspace/assignments/assignment2/main.php:49
[23-Feb-2016 23:30:58 UTC] PHP   3. array_rand(*uninitialized*) /home/ubuntu/workspace/assignments/assignment2/main.php:20
[23-Feb-2016 23:30:58 UTC] PHP Warning:  array_rand() expects parameter 1 to be array, null given in /home/ubuntu/workspace/assignments/assignment2/main.php on line 20
[23-Feb-2016 23:30:58 UTC] PHP Stack trace:
[23-Feb-2016 23:30:58 UTC] PHP   1. {main}() /home/ubuntu/workspace/assignments/assignment2/main.php:0
[23-Feb-2016 23:30:58 UTC] PHP   2. createTable($color = *uninitialized*) /home/ubuntu/workspace/assignments/assignment2/main.php:49
[23-Feb-2016 23:30:58 UTC] PHP   3. array_rand(*uninitialized*) /home/ubuntu/workspace/assignments/assignment2/main.php:20
[23-Feb-2016 23:30:58 UTC] PHP Warning:  array_rand() expects parameter 1 to be array, null given in /home/ubuntu/workspace/assignments/assignment2/main.php on line 20
[23-Feb-2016 23:30:58 UTC] PHP Stack trace:
[23-Feb-2016 23:30:58 UTC] PHP   1. {main}() /home/ubuntu/workspace/assignments/assignment2/main.php:0
[23-Feb-2016 23:30:58 UTC] PHP   2. createTable($color = *uninitialized*) /home/ubuntu/workspace/assignments/assignment2/main.php:49
[23-Feb-2016 23:30:58 UTC] PHP   3. array_rand(*uninitialized*) /home/ubuntu/workspace/assignments/assignment2/main.php:20
[23-Feb-2016 23:30:58 UTC] PHP Warning:  array_rand() expects parameter 1 to be array, null given in /home/ubuntu/workspace/assignments/assignment2/main.php on line 20
[23-Feb-2016 23:30:58 UTC] PHP Stack trace:
[23-Feb-2016 23:30:58 UTC] PHP   1. {main}() /home/ubuntu/workspace/assignments/assignment2/main.php:0
[23-Feb-2016 23:30:58 UTC] PHP   2. createTable($color = *uninitialized*) /home/ubuntu/workspace/assignments/assignment2/main.php:49
[23-Feb-2016 23:30:58 UTC] PHP   3. array_rand(*uninitialized*) /home/ubuntu/workspace/assignments/assignment2/main.php:20
[23-Feb-2016 23:30:58 UTC] PHP Warning:  array_rand() expects parameter 1 to be array, null given in /home/ubuntu/workspace/assignments/assignment2/main.php on line 20
[23-Feb-2016 23:30:58 UTC] PHP Stack trace:
[23-Feb-2016 23:30:58 UTC] PHP   1. {main}() /home/ubuntu/workspace/assignments/assignment2/main.php:0
[23-Feb-2016 23:30:58 UTC] PHP   2. createTable($color = *uninitialized*) /home/ubuntu/workspace/assignments/assignment2/main.php:49
[23-Feb-2016 23:30:58 UTC] PHP   3. array_rand(*uninitialized*) /home/ubuntu/workspace/assignments/assignment2/main.php:20
[23-Feb-2016 23:35:20 UTC] PHP Fatal error:  Function name must be a string in /home/ubuntu/workspace/assignments/assignment2/main.php on line 20
[23-Feb-2016 23:35:20 UTC] PHP Stack trace:
[23-Feb-2016 23:35:20 UTC] PHP   1. {main}() /home/ubuntu/workspace/assignments/assignment2/main.php:0
[23-Feb-2016 23:35:20 UTC] PHP   2. createTable($color = *uninitialized*) /home/ubuntu/workspace/assignments/assignment2/main.php:49
[23-Feb-2016 23:38:30 UTC] PHP Fatal error:  Function name must be a string in /home/ubuntu/workspace/assignments/assignment2/main.php on line 21
[23-Feb-2016 23:38:30 UTC] PHP Stack trace:
[23-Feb-2016 23:38:30 UTC] PHP   1. {main}() /home/ubuntu/workspace/assignments/assignment2/main.php:0
[23-Feb-2016 23:38:30 UTC] PHP   2. createTable($color = *uninitialized*) /home/ubuntu/workspace/assignments/assignment2/main.php:50
[23-Feb-2016 23:39:28 UTC] PHP Fatal error:  Function name must be a string in /home/ubuntu/workspace/assignments/assignment2/main.php on line 21
[23-Feb-2016 23:39:28 UTC] PHP Stack trace:
[23-Feb-2016 23:39:28 UTC] PHP   1. {main}() /home/ubuntu/workspace/assignments/assignment2/main.php:0
[23-Feb-2016 23:39:28 UTC] PHP   2. createTable() /home/ubuntu/workspace/assignments/assignment2/main.php:50
[23-Feb-2016 23:40:48 UTC] PHP Fatal error:  Function name must be a string in /home/ubuntu/workspace/assignments/assignment2/main.php on line 22
[23-Feb-2016 23:40:48 UTC] PHP Stack trace:
[23-Feb-2016 23:40:48 UTC] PHP   1. {main}() /home/ubuntu/workspace/assignments/assignment2/main.php:0
[23-Feb-2016 23:40:48 UTC] PHP   2. createTable() /home/ubuntu/workspace/assignments/assignment2/main.php:55
[23-Feb-2016 23:43:25 UTC] PHP Parse error:  syntax error, unexpected '*' in /home/ubuntu/workspace/assignments/assignment2/main.php on line 33
[24-Feb-2016 00:11:07 UTC] PHP Fatal error:  Call to undefined function array_pull() in /home/ubuntu/workspace/assignments/assignment2/main.php on line 23
[24-Feb-2016 00:11:07 UTC] PHP Stack trace:
[24-Feb-2016 00:11:07 UTC] PHP   1. {main}() /home/ubuntu/workspace/assignments/assignment2/main.php:0
[24-Feb-2016 00:11:07 UTC] PHP   2. createTable() /home/ubuntu/workspace/assignments/assignment2/main.php:76
[24-Feb-2016 00:19:55 UTC] PHP Fatal error:  Call to undefined function array_pull() in /home/ubuntu/workspace/assignments/assignment2/main.php on line 25
[24-Feb-2016 00:19:55 UTC] PHP Stack trace:
[24-Feb-2016 00:19:55 UTC] PHP   1. {main}() /home/ubuntu/workspace/assignments/assignment2/main.php:0
[24-Feb-2016 00:19:55 UTC] PHP   2. createTable() /home/ubuntu/workspace/assignments/assignment2/main.php:78
[24-Feb-2016 00:21:59 UTC] PHP Warning:  array_rand() expects parameter 1 to be array, null given in /home/ubuntu/workspace/assignments/assignment2/main.php on line 23
[24-Feb-2016 00:21:59 UTC] PHP Stack trace:
[24-Feb-2016 00:21:59 UTC] PHP   1. {main}() /home/ubuntu/workspace/assignments/assignment2/main.php:0
[24-Feb-2016 00:21:59 UTC] PHP   2. createTable() /home/ubuntu/workspace/assignments/assignment2/main.php:78
[24-Feb-2016 00:21:59 UTC] PHP   3. array_rand() /home/ubuntu/workspace/assignments/assignment2/main.php:23
[24-Feb-2016 00:21:59 UTC] PHP Warning:  array_rand() expects parameter 1 to be array, null given in /home/ubuntu/workspace/assignments/assignment2/main.php on line 23
[24-Feb-2016 00:21:59 UTC] PHP Stack trace:
[24-Feb-2016 00:21:59 UTC] PHP   1. {main}() /home/ubuntu/workspace/assignments/assignment2/main.php:0
[24-Feb-2016 00:21:59 UTC] PHP   2. createTable() /home/ubuntu/workspace/assignments/assignment2/main.php:78
[24-Feb-2016 00:21:59 UTC] PHP   3. array_rand() /home/ubuntu/workspace/assignments/assignment2/main.php:23
[24-Feb-2016 00:21:59 UTC] PHP Warning:  array_rand() expects parameter 1 to be array, null given in /home/ubuntu/workspace/assignments/assignment2/main.php on line 23
[24-Feb-2016 00:21:59 UTC] PHP Stack trace:
[24-Feb-2016 00:21:59 UTC] PHP   1. {main}() /home/ubuntu/workspace/assignments/assignment2/main.php:0
[24-Feb-2016 00:21:59 UTC] PHP   2. createTable() /home/ubuntu/workspace/assignments/assignment2/main.php:78
[24-Feb-2016 00:21:59 UTC] PHP   3. array_rand() /home/ubuntu/workspace/assignments/assignment2/main.php:23
[24-Feb-2016 00:21:59 UTC] PHP Warning:  array_rand() expects parameter 1 to be array, null given in /home/ubuntu/workspace/assignments/assignment2/main.php on line 23
[24-Feb-2016 00:21:59 UTC] PHP Stack trace:
[24-Feb-2016 00:21:59 UTC] PHP   1. {main}() /home/ubuntu/workspace/assignments/assignment2/main.php:0
[24-Feb-2016 00:21:59 UTC] PHP   2. createTable() /home/ubuntu/workspace/assignments/assignment2/main.php:78
[24-Feb-2016 00:21:59 UTC] PHP   3. array_rand() /home/ubuntu/workspace/assignments/assignment2/main.php:23
[24-Feb-2016 00:21:59 UTC] PHP Warning:  array_rand() expects parameter 1 to be array, null given in /home/ubuntu/workspace/assignments/assignment2/main.php on line 23
[24-Feb-2016 00:21:59 UTC] PHP Stack trace:
[24-Feb-2016 00:21:59 UTC] PHP   1. {main}() /home/ubuntu/workspace/assignments/assignment2/main.php:0
[24-Feb-2016 00:21:59 UTC] PHP   2. createTable() /home/ubuntu/workspace/assignments/assignment2/main.php:78
[24-Feb-2016 00:21:59 UTC] PHP   3. array_rand() /home/ubuntu/workspace/assignments/assignment2/main.php:23
[24-Feb-2016 00:21:59 UTC] PHP Warning:  array_rand() expects parameter 1 to be array, null given in /home/ubuntu/workspace/assignments/assignment2/main.php on line 23
[24-Feb-2016 00:21:59 UTC] PHP Stack trace:
[24-Feb-2016 00:21:59 UTC] PHP   1. {main}() /home/ubuntu/workspace/assignments/assignment2/main.php:0
[24-Feb-2016 00:21:59 UTC] PHP   2. createTable() /home/ubuntu/workspace/assignments/assignment2/main.php:78
[24-Feb-2016 00:21:59 UTC] PHP   3. array_rand() /home/ubuntu/workspace/assignments/assignment2/main.php:23
[24-Feb-2016 00:21:59 UTC] PHP Warning:  array_rand() expects parameter 1 to be array, null given in /home/ubuntu/workspace/assignments/assignment2/main.php on line 23
[24-Feb-2016 00:21:59 UTC] PHP Stack trace:
[24-Feb-2016 00:21:59 UTC] PHP   1. {main}() /home/ubuntu/workspace/assignments/assignment2/main.php:0
[24-Feb-2016 00:21:59 UTC] PHP   2. createTable() /home/ubuntu/workspace/assignments/assignment2/main.php:78
[24-Feb-2016 00:21:59 UTC] PHP   3. array_rand() /home/ubuntu/workspace/assignments/assignment2/main.php:23
[24-Feb-2016 00:21:59 UTC] PHP Warning:  array_rand() expects parameter 1 to be array, null given in /home/ubuntu/workspace/assignments/assignment2/main.php on line 23
[24-Feb-2016 00:21:59 UTC] PHP Stack trace:
[24-Feb-2016 00:21:59 UTC] PHP   1. {main}() /home/ubuntu/workspace/assignments/assignment2/main.php:0
[24-Feb-2016 00:21:59 UTC] PHP   2. createTable() /home/ubuntu/workspace/assignments/assignment2/main.php:78
[24-Feb-2016 00:21:59 UTC] PHP   3. array_rand() /home/ubuntu/workspace/assignments/assignment2/main.php:23
[24-Feb-2016 00:32:19 UTC] PHP Fatal error:  Call to undefined function array_arrand() in /home/ubuntu/workspace/assignments/assignment2/main.php on line 21
[24-Feb-2016 00:32:19 UTC] PHP Stack trace:
[24-Feb-2016 00:32:19 UTC] PHP   1. {main}() /home/ubuntu/workspace/assignments/assignment2/main.php:0
[24-Feb-2016 00:32:19 UTC] PHP   2. createTable() /home/ubuntu/workspace/assignments/assignment2/main.php:84
[24-Feb-2016 00:32:40 UTC] PHP Fatal error:  Call to undefined function array_arrand() in /home/ubuntu/workspace/assignments/assignment2/main.php on line 21
[24-Feb-2016 00:32:40 UTC] PHP Stack trace:
[24-Feb-2016 00:32:40 UTC] PHP   1. {main}() /home/ubuntu/workspace/assignments/assignment2/main.php:0
[24-Feb-2016 00:32:40 UTC] PHP   2. createTable() /home/ubuntu/workspace/assignments/assignment2/main.php:84
[24-Feb-2016 00:32:43 UTC] PHP Fatal error:  Call to undefined function array_arrand() in /home/ubuntu/workspace/assignments/assignment2/main.php on line 21
[24-Feb-2016 00:32:43 UTC] PHP Stack trace:
[24-Feb-2016 00:32:43 UTC] PHP   1. {main}() /home/ubuntu/workspace/assignments/assignment2/main.php:0
[24-Feb-2016 00:32:43 UTC] PHP   2. createTable() /home/ubuntu/workspace/assignments/assignment2/main.php:84
